<?xml version="1.0" encoding="UTF-8"?>
<!-- Generated by org.testng.reporters.JUnitReportReporter -->
<testsuite hostname="DESKTOP-AL05568" failures="0" tests="2" name="APITest" time="4.336" errors="0" timestamp="2022-10-19T18:59:29 ICT" skipped="0">
  <testcase classname="APITest" name="test2" time="1.057"/>
  <system-out/>
  <testcase classname="APITest" name="test1" time="3.279"/>
  <system-out/>
</testsuite> <!-- APITest -->
